INFO: 2020/04/27 10:21:46 [PONG]
INFO: 2020/04/27 10:22:35 [200 GET /dashboardComponent/deney4 603.763µs]
INFO: 2020/04/27 10:29:58 [PONG]
INFO: 2020/04/27 10:31:34 [200 GET /dashboardComponent/deney4 2.120152ms]
INFO: 2020/04/27 10:31:41 [200 GET /dashboardComponent/deney3 4.774041ms]
INFO: 2020/04/27 10:52:10 [200 OPTIONS /dashboardComponent/burakiii 14.042µs]
INFO: 2020/04/27 10:52:10 [200 POST /dashboardComponent/burakiii 30.26645ms]
INFO: 2020/04/27 10:52:20 [200 GET /dashboardComponent/burakiii 12.524582ms]
INFO: 2020/04/27 10:55:34 [200 OPTIONS /dashboardComponent/buraki1 9.215µs]
INFO: 2020/04/27 10:55:34 [200 POST /dashboardComponent/buraki1 2.992036ms]
INFO: 2020/04/27 10:55:46 [200 GET /dashboardComponent/buraki1 2.277609ms]
INFO: 2020/04/27 11:01:41 [200 GET /dashboardComponent/buraki1 1.04869ms]
INFO: 2020/04/27 11:02:30 [200 GET /dashboardComponent/buraki1 559.568µs]
INFO: 2020/04/27 11:03:09 [200 GET /dashboardComponent/buraki1 1.359316ms]
INFO: 2020/04/27 11:06:16 [200 GET /dashboardComponent/buraki1 485.405µs]
INFO: 2020/04/27 11:07:10 [200 GET /dashboardComponent/buraki1 654.606µs]
INFO: 2020/04/27 11:07:25 [200 GET /dashboardComponent/buraki1 949.292µs]
INFO: 2020/04/27 11:08:05 [200 GET /dashboardComponent/buraki1 616.575µs]
INFO: 2020/04/27 11:08:31 [200 GET /dashboardComponent/buraki1 1.725499ms]
INFO: 2020/04/27 11:09:53 [200 OPTIONS /dashboardComponent/bune 22.822µs]
INFO: 2020/04/27 11:09:54 [200 POST /dashboardComponent/bune 7.954063ms]
INFO: 2020/04/27 11:10:57 [200 GET /dashboardComponent/bune 2.236007ms]
INFO: 2020/04/27 11:11:17 [200 GET /dashboardComponent/bune 457.15µs]
INFO: 2020/04/27 11:11:31 [200 GET /dashboardComponent/bune 1.123733ms]
INFO: 2020/04/27 11:14:55 [200 GET /dashboardComponent/bune 356.226µs]
INFO: 2020/04/27 11:16:37 [200 OPTIONS /dashboardComponent/deneme 28.84µs]
INFO: 2020/04/27 11:16:38 [200 POST /dashboardComponent/deneme 526.9µs]
INFO: 2020/04/27 11:16:55 [200 GET /dashboardComponent/deneme 864.749µs]
INFO: 2020/04/27 11:17:36 [200 GET /dashboardComponent/deneme 922.356µs]
INFO: 2020/04/27 11:17:39 [200 GET /dashboardComponent/deneme 1.508053ms]
INFO: 2020/04/27 11:18:43 [200 GET /dashboardComponent/deneme 1.473506ms]
INFO: 2020/04/27 11:19:09 [200 GET /dashboardComponent/deneme 433.353µs]
INFO: 2020/04/27 11:19:28 [200 GET /dashboardComponent/deneme 811.017µs]
INFO: 2020/04/27 11:20:16 [200 GET /dashboardComponent/deneme 377.243µs]
INFO: 2020/04/27 11:21:07 [200 GET /dashboardComponent/deneme 514.55µs]
INFO: 2020/04/27 11:23:11 [200 GET /dashboardComponent/deneme 606.822µs]
INFO: 2020/04/27 11:24:28 [200 GET /dashboardComponent/deneme 517.948µs]
INFO: 2020/04/27 11:25:17 [200 GET /dashboardComponent/deneme 407.065µs]
INFO: 2020/04/27 12:34:52 [PONG]
INFO: 2020/04/27 12:35:07 [200 POST /dashboardComponent/otokoc/aa 938.888µs]
INFO: 2020/04/27 12:35:17 [200 GET /dashboardComponent/otokoc_aa 2.417278ms]
INFO: 2020/04/27 12:35:22 [200 GET /dashboardComponent/otokoc_* 954.596µs]
INFO: 2020/04/27 12:36:31 [200 GET /dashboardComponent/otokoc_aa 908.193µs]
INFO: 2020/04/27 12:37:43 [404 GET /dashboardComponent/otokoc/aa 30.042µs]
INFO: 2020/04/27 12:37:47 [200 POST /dashboardComponent/otokoc/aa 2.163304ms]
INFO: 2020/04/27 12:37:51 [404 GET /dashboardComponent/otokoc/aa 34.254µs]
INFO: 2020/04/27 12:38:02 [PONG]
INFO: 2020/04/27 12:38:03 [200 GET /dashboardComponent/otokoc/aa 1.068968ms]
INFO: 2020/04/27 12:38:38 [200 GET /dashboardComponent/otokoc/deneme 4.994846ms]
